  x64\PortRegisterIo.asm
DebugTrap.obj : error LNK2001: unresolved external symbol _BdTrap
BootArgs.obj : error LNK2019: unresolved external symbol ArchGetCpuTick referenced in function BlInitializeBootArgs
LoadKernel.obj : error LNK2001: unresolved external symbol ArchGetCpuTick
LoadKernel.obj : error LNK2019: unresolved external symbol ArchCpuId referenced in function LdrSetupASLR
MiscUtils.obj : error LNK2001: unresolved external symbol ArchCpuId
LoadKernel.obj : error LNK2019: unresolved external symbol ArchHardwareRandom referenced in function LdrSetupASLR
ArchUtilsX64.obj : error LNK2019: unresolved external symbol ArchTransferRoutineBegin referenced in function ArchInitialize1
ArchUtilsX64.obj : error LNK2019: unresolved external symbol ArchTransferRoutineEnd referenced in function ArchInitialize1
DebuggerUtilsX64.obj : error LNK2019: unresolved external symbol ArchGetSegCs referenced in function BdArchInitialize
DebuggerUtilsX64.obj : error LNK2019: unresolved external symbol ArchGetIdtRegister referenced in function BdArchInitialize
DebuggerUtilsX64.obj : error LNK2019: unresolved external symbol ArchSetIdtRegister referenced in function BdArchInitialize
DebuggerUtilsX64.obj : error LNK2019: unresolved external symbol BdTrap01 referenced in function BdArchInitialize
DebuggerUtilsX64.obj : error LNK2019: unresolved external symbol BdTrap03 referenced in function BdArchInitialize
DebuggerUtilsX64.obj : error LNK2019: unresolved external symbol BdTrap0d referenced in function BdArchInitialize
DebuggerUtilsX64.obj : error LNK2019: unresolved external symbol BdTrap0e referenced in function BdArchInitialize
DebuggerUtilsX64.obj : error LNK2019: unresolved external symbol BdTrap2d referenced in function BdArchInitialize
DebuggerUtilsX64.obj : error LNK2019: unresolved external symbol BdpSaveProcessorControlState referenced in function BdpSaveKframe
DebuggerUtilsX64.obj : error LNK2019: unresolved external symbol BdpRestoreProcessorControlState referenced in function BdpRestoreKframe
BootDebugger.obj : error LNK2019: unresolved external symbol MmTranslateVirtualAddress referenced in function BdMoveMemory
Debug1394.obj : error LNK2001: unresolved external symbol MmTranslateVirtualAddress
BootDebugger.obj : error LNK2019: unresolved external symbol DbgBreakPoint referenced in function BdPollConnection
BootDebugger.obj : error LNK2019: unresolved external symbol DbgService referenced in function DbgPrint
BootDebugger.obj : error LNK2019: unresolved external symbol DbgService2 referenced in function BdFinalize
C:\Users\andyv\Downloads\macosxbootloader\src\..\bin\x64\Release (Black)\boot.efi : fatal error LNK1120: 20 unresolved externals
