c:\users\andyv\downloads\macosxbootloader\temp\x86\debug\boot\boot.pch
c:\users\andyv\downloads\macosxbootloader\temp\x86\debug\boot\vc143.pdb
c:\users\andyv\downloads\macosxbootloader\temp\x86\debug\boot\stdafx.obj
c:\users\andyv\downloads\macosxbootloader\temp\x86\debug\boot\base64.obj
c:\users\andyv\downloads\macosxbootloader\temp\x86\debug\boot\bootargs.obj
c:\users\andyv\downloads\macosxbootloader\temp\x86\debug\boot\console.obj
c:\users\andyv\downloads\macosxbootloader\temp\x86\debug\boot\loaddrivers.obj
c:\users\andyv\downloads\macosxbootloader\temp\x86\debug\boot\macho.obj
c:\users\andyv\downloads\macosxbootloader\temp\x86\debug\boot\memorymap.obj
c:\users\andyv\downloads\macosxbootloader\temp\x86\debug\boot\options.obj
c:\users\andyv\downloads\macosxbootloader\temp\x86\debug\boot\sha256.obj
c:\users\andyv\downloads\macosxbootloader\temp\x86\debug\boot\crc32.obj
c:\users\andyv\downloads\macosxbootloader\temp\x86\debug\boot\debugusb.obj
c:\users\andyv\downloads\macosxbootloader\temp\x86\debug\boot\devicetree.obj
c:\users\andyv\downloads\macosxbootloader\temp\x86\debug\boot\main.obj
c:\users\andyv\downloads\macosxbootloader\temp\x86\debug\boot\miscutils.obj
c:\users\andyv\downloads\macosxbootloader\temp\x86\debug\boot\runtimelib.obj
c:\users\andyv\downloads\macosxbootloader\temp\x86\debug\boot\compilerx86.obj
c:\users\andyv\downloads\macosxbootloader\temp\x86\debug\boot\thunk64.obj
c:\users\andyv\downloads\macosxbootloader\temp\x86\debug\boot\acpiutils.obj
c:\users\andyv\downloads\macosxbootloader\temp\x86\debug\boot\config.obj
c:\users\andyv\downloads\macosxbootloader\temp\x86\debug\boot\fileio.obj
c:\users\andyv\downloads\macosxbootloader\temp\x86\debug\boot\filevault.obj
c:\users\andyv\downloads\macosxbootloader\temp\x86\debug\boot\hibernate.obj
c:\users\andyv\downloads\macosxbootloader\temp\x86\debug\boot\loadkernel.obj
c:\users\andyv\downloads\macosxbootloader\temp\x86\debug\boot\md5.obj
c:\users\andyv\downloads\macosxbootloader\temp\x86\debug\boot\netboot.obj
c:\users\andyv\downloads\macosxbootloader\temp\x86\debug\boot\panicdialog.obj
c:\users\andyv\downloads\macosxbootloader\temp\x86\debug\boot\platformexpert.obj
c:\users\andyv\downloads\macosxbootloader\temp\x86\debug\boot\bootdebugger.obj
c:\users\andyv\downloads\macosxbootloader\temp\x86\debug\boot\debug1394.obj
c:\users\andyv\downloads\macosxbootloader\temp\x86\debug\boot\devicepath.obj
c:\users\andyv\downloads\macosxbootloader\temp\x86\debug\boot\guiddefine.obj
c:\users\andyv\downloads\macosxbootloader\temp\x86\debug\boot\memory.obj
c:\users\andyv\downloads\macosxbootloader\temp\x86\debug\boot\peimage.obj
c:\users\andyv\downloads\macosxbootloader\temp\x86\debug\boot\archutilsx86.obj
c:\users\andyv\downloads\macosxbootloader\temp\x86\debug\boot\debuggerutilsx86.obj
c:\users\andyv\downloads\macosxbootloader\temp\x86\debug\boot\thunkcode32.obj
c:\users\andyv\downloads\macosxbootloader\temp\x86\debug\boot\thunkcode64.dat
c:\users\andyv\downloads\macosxbootloader\bin\x86\debug\boot.efi
c:\users\andyv\downloads\macosxbootloader\bin\x86\debug\boot.pdb
c:\users\andyv\downloads\macosxbootloader\src\..\bin\x86\debug\boot.pdb
c:\users\andyv\downloads\macosxbootloader\src\..\temp\x86\debug\boot\boot.vcxproj.filelistabsolute.txt
c:\users\andyv\downloads\macosxbootloader\temp\x86\debug\boot\boot.tlog\cl.command.1.tlog
c:\users\andyv\downloads\macosxbootloader\temp\x86\debug\boot\boot.tlog\cl.items.tlog
c:\users\andyv\downloads\macosxbootloader\temp\x86\debug\boot\boot.tlog\cl.read.1.tlog
c:\users\andyv\downloads\macosxbootloader\temp\x86\debug\boot\boot.tlog\cl.write.1.tlog
c:\users\andyv\downloads\macosxbootloader\temp\x86\debug\boot\boot.tlog\custombuild.command.1.tlog
c:\users\andyv\downloads\macosxbootloader\temp\x86\debug\boot\boot.tlog\custombuild.read.1.tlog
c:\users\andyv\downloads\macosxbootloader\temp\x86\debug\boot\boot.tlog\custombuild.write.1.tlog
c:\users\andyv\downloads\macosxbootloader\temp\x86\debug\boot\boot.tlog\link.command.1.tlog
c:\users\andyv\downloads\macosxbootloader\temp\x86\debug\boot\boot.tlog\link.read.1.tlog
c:\users\andyv\downloads\macosxbootloader\temp\x86\debug\boot\boot.tlog\link.write.1.tlog
