c:\users\joris schepers\downloads\macosxbootloader\temp\x86\release\boot\boot.pch
c:\users\joris schepers\downloads\macosxbootloader\temp\x86\release\boot\vc120.pdb
c:\users\joris schepers\downloads\macosxbootloader\temp\x86\release\boot\stdafx.obj
c:\users\joris schepers\downloads\macosxbootloader\temp\x86\release\boot\base64.obj
c:\users\joris schepers\downloads\macosxbootloader\temp\x86\release\boot\config.obj
c:\users\joris schepers\downloads\macosxbootloader\temp\x86\release\boot\fileio.obj
c:\users\joris schepers\downloads\macosxbootloader\temp\x86\release\boot\hibernate.obj
c:\users\joris schepers\downloads\macosxbootloader\temp\x86\release\boot\loadkernel.obj
c:\users\joris schepers\downloads\macosxbootloader\temp\x86\release\boot\memorymap.obj
c:\users\joris schepers\downloads\macosxbootloader\temp\x86\release\boot\netboot.obj
c:\users\joris schepers\downloads\macosxbootloader\temp\x86\release\boot\panicdialog.obj
c:\users\joris schepers\downloads\macosxbootloader\temp\x86\release\boot\bootdebugger.obj
c:\users\joris schepers\downloads\macosxbootloader\temp\x86\release\boot\crc32.obj
c:\users\joris schepers\downloads\macosxbootloader\temp\x86\release\boot\debug1394.obj
c:\users\joris schepers\downloads\macosxbootloader\temp\x86\release\boot\devicepath.obj
c:\users\joris schepers\downloads\macosxbootloader\temp\x86\release\boot\devicetree.obj
c:\users\joris schepers\downloads\macosxbootloader\temp\x86\release\boot\main.obj
c:\users\joris schepers\downloads\macosxbootloader\temp\x86\release\boot\peimage.obj
c:\users\joris schepers\downloads\macosxbootloader\temp\x86\release\boot\acpiutils.obj
c:\users\joris schepers\downloads\macosxbootloader\temp\x86\release\boot\bootargs.obj
c:\users\joris schepers\downloads\macosxbootloader\temp\x86\release\boot\console.obj
c:\users\joris schepers\downloads\macosxbootloader\temp\x86\release\boot\filevault.obj
c:\users\joris schepers\downloads\macosxbootloader\temp\x86\release\boot\loaddrivers.obj
c:\users\joris schepers\downloads\macosxbootloader\temp\x86\release\boot\md5.obj
c:\users\joris schepers\downloads\macosxbootloader\temp\x86\release\boot\options.obj
c:\users\joris schepers\downloads\macosxbootloader\temp\x86\release\boot\platformexpert.obj
c:\users\joris schepers\downloads\macosxbootloader\temp\x86\release\boot\sha256.obj
c:\users\joris schepers\downloads\macosxbootloader\temp\x86\release\boot\debugusb.obj
c:\users\joris schepers\downloads\macosxbootloader\temp\x86\release\boot\guiddefine.obj
c:\users\joris schepers\downloads\macosxbootloader\temp\x86\release\boot\miscutils.obj
c:\users\joris schepers\downloads\macosxbootloader\temp\x86\release\boot\runtimelib.obj
c:\users\joris schepers\downloads\macosxbootloader\temp\x86\release\boot\debuggerutilsx86.obj
c:\users\joris schepers\downloads\macosxbootloader\temp\x86\release\boot\archutilsx86.obj
c:\users\joris schepers\downloads\macosxbootloader\temp\x86\release\boot\compilerx86.obj
c:\users\joris schepers\downloads\macosxbootloader\temp\x86\release\boot\thunk64.obj
c:\users\joris schepers\downloads\macosxbootloader\temp\x86\release\boot\memory.obj
c:\users\joris schepers\downloads\macosxbootloader\temp\x86\release\boot\macho.obj
c:\users\joris schepers\downloads\macosxbootloader\temp\x86\release\boot\thunkcode64.dat
c:\users\joris schepers\downloads\macosxbootloader\temp\x86\release\boot\thunkcode32.obj
c:\users\joris schepers\downloads\macosxbootloader\bin\x86\release\boot.efi
c:\users\joris schepers\downloads\macosxbootloader\bin\x86\release\boot.pdb
c:\users\joris schepers\downloads\macosxbootloader\temp\x86\release\boot\boot.vcxprojresolveassemblyreference.cache
c:\users\joris schepers\downloads\macosxbootloader\src\..\bin\x86\release\boot.pdb
c:\users\joris schepers\downloads\macosxbootloader\src\..\bin\x86\release\boot.efi
c:\users\joris schepers\downloads\macosxbootloader\temp\x86\release\boot\boot.tlog\cl.command.1.tlog
c:\users\joris schepers\downloads\macosxbootloader\temp\x86\release\boot\boot.tlog\cl.read.1.tlog
c:\users\joris schepers\downloads\macosxbootloader\temp\x86\release\boot\boot.tlog\cl.write.1.tlog
c:\users\joris schepers\downloads\macosxbootloader\temp\x86\release\boot\boot.tlog\custombuild.command.1.tlog
c:\users\joris schepers\downloads\macosxbootloader\temp\x86\release\boot\boot.tlog\custombuild.read.1.tlog
c:\users\joris schepers\downloads\macosxbootloader\temp\x86\release\boot\boot.tlog\custombuild.write.1.tlog
c:\users\joris schepers\downloads\macosxbootloader\temp\x86\release\boot\boot.tlog\link.command.1.tlog
c:\users\joris schepers\downloads\macosxbootloader\temp\x86\release\boot\boot.tlog\link.read.1.tlog
c:\users\joris schepers\downloads\macosxbootloader\temp\x86\release\boot\boot.tlog\link.write.1.tlog
