  x64\CompilerX64.asm
  x64\PortRegisterIo.asm
  x64\DebugTrap.asm
  x64\TransferRoutine.asm
  StdAfx.cpp
C:\Users\andyv\Downloads\macosxbootloader\sdk\include\EfiTypes.h(25,1): warning C4103: alignment changed after including header, may be due to missing #pragma pack(pop)
  (compiling source file 'StdAfx.cpp')
  
C:\Users\andyv\Downloads\macosxbootloader\sdk\include\EfiCommon.h(29,1): warning C4103: alignment changed after including header, may be due to missing #pragma pack(pop)
  (compiling source file 'StdAfx.cpp')
  
C:\Users\andyv\Downloads\macosxbootloader\src\boot\StdAfx.h(109,1): warning C4103: alignment changed after including header, may be due to missing #pragma pack(pop)
  (compiling source file 'StdAfx.cpp')
  
C:\Users\andyv\Downloads\macosxbootloader\src\boot\StdAfx.h(112,1): warning C4103: alignment changed after including header, may be due to missing #pragma pack(pop)
  (compiling source file 'StdAfx.cpp')
  
  AcpiUtils.cpp
  Base64.cpp
  BootArgs.cpp
  Config.cpp
C:\Users\andyv\Downloads\macosxbootloader\sdk\include\EfiTypes.h(25,1): warning C4103: alignment changed after including header, may be due to missing #pragma pack(pop)
  (compiling source file 'Base64.cpp')
  
C:\Users\andyv\Downloads\macosxbootloader\sdk\include\EfiTypes.h(25,1): warning C4103: alignment changed after including header, may be due to missing #pragma pack(pop)
  (compiling source file 'AcpiUtils.cpp')
  
C:\Users\andyv\Downloads\macosxbootloader\sdk\include\EfiCommon.h(29,1): warning C4103: alignment changed after including header, may be due to missing #pragma pack(pop)
  (compiling source file 'Base64.cpp')
  
C:\Users\andyv\Downloads\macosxbootloader\sdk\include\EfiCommon.h(29,1): warning C4103: alignment changed after including header, may be due to missing #pragma pack(pop)
  (compiling source file 'AcpiUtils.cpp')
  
C:\Users\andyv\Downloads\macosxbootloader\src\boot\StdAfx.h(109,1): warning C4103: alignment changed after including header, may be due to missing #pragma pack(pop)
  (compiling source file 'Base64.cpp')
  
C:\Users\andyv\Downloads\macosxbootloader\src\boot\StdAfx.h(109,1): warning C4103: alignment changed after including header, may be due to missing #pragma pack(pop)
  (compiling source file 'AcpiUtils.cpp')
  
C:\Users\andyv\Downloads\macosxbootloader\src\boot\StdAfx.h(112,1): warning C4103: alignment changed after including header, may be due to missing #pragma pack(pop)
  (compiling source file 'Base64.cpp')
  
C:\Users\andyv\Downloads\macosxbootloader\src\boot\StdAfx.h(112,1): warning C4103: alignment changed after including header, may be due to missing #pragma pack(pop)
  (compiling source file 'AcpiUtils.cpp')
  
C:\Users\andyv\Downloads\macosxbootloader\sdk\include\EfiTypes.h(25,1): warning C4103: alignment changed after including header, may be due to missing #pragma pack(pop)
  (compiling source file 'Config.cpp')
  
C:\Users\andyv\Downloads\macosxbootloader\sdk\include\EfiTypes.h(25,1): warning C4103: alignment changed after including header, may be due to missing #pragma pack(pop)
  (compiling source file 'BootArgs.cpp')
  
C:\Users\andyv\Downloads\macosxbootloader\sdk\include\EfiCommon.h(29,1): warning C4103: alignment changed after including header, may be due to missing #pragma pack(pop)
  (compiling source file 'Config.cpp')
  
C:\Users\andyv\Downloads\macosxbootloader\sdk\include\EfiCommon.h(29,1): warning C4103: alignment changed after including header, may be due to missing #pragma pack(pop)
  (compiling source file 'BootArgs.cpp')
  
C:\Users\andyv\Downloads\macosxbootloader\src\boot\StdAfx.h(109,1): warning C4103: alignment changed after including header, may be due to missing #pragma pack(pop)
  (compiling source file 'Config.cpp')
  
C:\Users\andyv\Downloads\macosxbootloader\src\boot\StdAfx.h(109,1): warning C4103: alignment changed after including header, may be due to missing #pragma pack(pop)
  (compiling source file 'BootArgs.cpp')
  
C:\Users\andyv\Downloads\macosxbootloader\src\boot\StdAfx.h(112,1): warning C4103: alignment changed after including header, may be due to missing #pragma pack(pop)
  (compiling source file 'Config.cpp')
  
C:\Users\andyv\Downloads\macosxbootloader\src\boot\StdAfx.h(112,1): warning C4103: alignment changed after including header, may be due to missing #pragma pack(pop)
  (compiling source file 'BootArgs.cpp')
  
  Console.cpp
  FileIo.cpp
C:\Users\andyv\Downloads\macosxbootloader\sdk\include\EfiTypes.h(25,1): warning C4103: alignment changed after including header, may be due to missing #pragma pack(pop)
  (compiling source file 'FileIo.cpp')
  
C:\Users\andyv\Downloads\macosxbootloader\sdk\include\EfiCommon.h(29,1): warning C4103: alignment changed after including header, may be due to missing #pragma pack(pop)
  (compiling source file 'FileIo.cpp')
  
C:\Users\andyv\Downloads\macosxbootloader\sdk\include\EfiTypes.h(25,1): warning C4103: alignment changed after including header, may be due to missing #pragma pack(pop)
  (compiling source file 'Console.cpp')
  
C:\Users\andyv\Downloads\macosxbootloader\src\boot\StdAfx.h(109,1): warning C4103: alignment changed after including header, may be due to missing #pragma pack(pop)
  (compiling source file 'FileIo.cpp')
  
C:\Users\andyv\Downloads\macosxbootloader\sdk\include\EfiCommon.h(29,1): warning C4103: alignment changed after including header, may be due to missing #pragma pack(pop)
  (compiling source file 'Console.cpp')
  
C:\Users\andyv\Downloads\macosxbootloader\src\boot\StdAfx.h(109,1): warning C4103: alignment changed after including header, may be due to missing #pragma pack(pop)
  (compiling source file 'Console.cpp')
  
C:\Users\andyv\Downloads\macosxbootloader\src\boot\StdAfx.h(112,1): warning C4103: alignment changed after including header, may be due to missing #pragma pack(pop)
  (compiling source file 'FileIo.cpp')
  
C:\Users\andyv\Downloads\macosxbootloader\src\boot\StdAfx.h(112,1): warning C4103: alignment changed after including header, may be due to missing #pragma pack(pop)
  (compiling source file 'Console.cpp')
  
  FileVault.cpp
C:\Users\andyv\Downloads\macosxbootloader\sdk\include\EfiTypes.h(25,1): warning C4103: alignment changed after including header, may be due to missing #pragma pack(pop)
  (compiling source file 'FileVault.cpp')
  
C:\Users\andyv\Downloads\macosxbootloader\sdk\include\EfiCommon.h(29,1): warning C4103: alignment changed after including header, may be due to missing #pragma pack(pop)
  (compiling source file 'FileVault.cpp')
  
C:\Users\andyv\Downloads\macosxbootloader\src\boot\StdAfx.h(109,1): warning C4103: alignment changed after including header, may be due to missing #pragma pack(pop)
  (compiling source file 'FileVault.cpp')
  
C:\Users\andyv\Downloads\macosxbootloader\src\boot\StdAfx.h(112,1): warning C4103: alignment changed after including header, may be due to missing #pragma pack(pop)
  (compiling source file 'FileVault.cpp')
  
  Hibernate.cpp
C:\Users\andyv\Downloads\macosxbootloader\sdk\include\EfiTypes.h(25,1): warning C4103: alignment changed after including header, may be due to missing #pragma pack(pop)
  (compiling source file 'Hibernate.cpp')
  
C:\Users\andyv\Downloads\macosxbootloader\sdk\include\EfiCommon.h(29,1): warning C4103: alignment changed after including header, may be due to missing #pragma pack(pop)
  (compiling source file 'Hibernate.cpp')
  
C:\Users\andyv\Downloads\macosxbootloader\src\boot\StdAfx.h(109,1): warning C4103: alignment changed after including header, may be due to missing #pragma pack(pop)
  (compiling source file 'Hibernate.cpp')
  
C:\Users\andyv\Downloads\macosxbootloader\src\boot\StdAfx.h(112,1): warning C4103: alignment changed after including header, may be due to missing #pragma pack(pop)
  (compiling source file 'Hibernate.cpp')
  
C:\Users\andyv\Downloads\macosxbootloader\src\boot\Hibernate.cpp(519,120): warning C4319: '~': zero extending 'UINT32' to 'UINT64' of greater size
  LoadDrivers.cpp
C:\Users\andyv\Downloads\macosxbootloader\sdk\include\EfiTypes.h(25,1): warning C4103: alignment changed after including header, may be due to missing #pragma pack(pop)
  (compiling source file 'LoadDrivers.cpp')
  
C:\Users\andyv\Downloads\macosxbootloader\sdk\include\EfiCommon.h(29,1): warning C4103: alignment changed after including header, may be due to missing #pragma pack(pop)
  (compiling source file 'LoadDrivers.cpp')
  
C:\Users\andyv\Downloads\macosxbootloader\src\boot\StdAfx.h(109,1): warning C4103: alignment changed after including header, may be due to missing #pragma pack(pop)
  (compiling source file 'LoadDrivers.cpp')
  
  LoadKernel.cpp
C:\Users\andyv\Downloads\macosxbootloader\src\boot\StdAfx.h(112,1): warning C4103: alignment changed after including header, may be due to missing #pragma pack(pop)
  (compiling source file 'LoadDrivers.cpp')
  
C:\Users\andyv\Downloads\macosxbootloader\sdk\include\EfiTypes.h(25,1): warning C4103: alignment changed after including header, may be due to missing #pragma pack(pop)
  (compiling source file 'LoadKernel.cpp')
  
C:\Users\andyv\Downloads\macosxbootloader\sdk\include\EfiCommon.h(29,1): warning C4103: alignment changed after including header, may be due to missing #pragma pack(pop)
  (compiling source file 'LoadKernel.cpp')
  
C:\Users\andyv\Downloads\macosxbootloader\src\boot\StdAfx.h(109,1): warning C4103: alignment changed after including header, may be due to missing #pragma pack(pop)
  (compiling source file 'LoadKernel.cpp')
  
C:\Users\andyv\Downloads\macosxbootloader\src\boot\StdAfx.h(112,1): warning C4103: alignment changed after including header, may be due to missing #pragma pack(pop)
  (compiling source file 'LoadKernel.cpp')
  
  MachO.cpp
C:\Users\andyv\Downloads\macosxbootloader\sdk\include\EfiTypes.h(25,1): warning C4103: alignment changed after including header, may be due to missing #pragma pack(pop)
  (compiling source file 'MachO.cpp')
  
C:\Users\andyv\Downloads\macosxbootloader\sdk\include\EfiCommon.h(29,1): warning C4103: alignment changed after including header, may be due to missing #pragma pack(pop)
  (compiling source file 'MachO.cpp')
  
C:\Users\andyv\Downloads\macosxbootloader\src\boot\StdAfx.h(109,1): warning C4103: alignment changed after including header, may be due to missing #pragma pack(pop)
  (compiling source file 'MachO.cpp')
  
C:\Users\andyv\Downloads\macosxbootloader\src\boot\StdAfx.h(112,1): warning C4103: alignment changed after including header, may be due to missing #pragma pack(pop)
  (compiling source file 'MachO.cpp')
  
  MD5.cpp
C:\Users\andyv\Downloads\macosxbootloader\sdk\include\EfiTypes.h(25,1): warning C4103: alignment changed after including header, may be due to missing #pragma pack(pop)
  (compiling source file 'MD5.cpp')
  
C:\Users\andyv\Downloads\macosxbootloader\sdk\include\EfiCommon.h(29,1): warning C4103: alignment changed after including header, may be due to missing #pragma pack(pop)
  (compiling source file 'MD5.cpp')
  
C:\Users\andyv\Downloads\macosxbootloader\src\boot\StdAfx.h(109,1): warning C4103: alignment changed after including header, may be due to missing #pragma pack(pop)
  (compiling source file 'MD5.cpp')
  
C:\Users\andyv\Downloads\macosxbootloader\src\boot\StdAfx.h(112,1): warning C4103: alignment changed after including header, may be due to missing #pragma pack(pop)
  (compiling source file 'MD5.cpp')
  
  MemoryMap.cpp
C:\Users\andyv\Downloads\macosxbootloader\sdk\include\EfiTypes.h(25,1): warning C4103: alignment changed after including header, may be due to missing #pragma pack(pop)
  (compiling source file 'MemoryMap.cpp')
  
C:\Users\andyv\Downloads\macosxbootloader\sdk\include\EfiCommon.h(29,1): warning C4103: alignment changed after including header, may be due to missing #pragma pack(pop)
  (compiling source file 'MemoryMap.cpp')
  
C:\Users\andyv\Downloads\macosxbootloader\src\boot\StdAfx.h(109,1): warning C4103: alignment changed after including header, may be due to missing #pragma pack(pop)
  (compiling source file 'MemoryMap.cpp')
  
C:\Users\andyv\Downloads\macosxbootloader\src\boot\StdAfx.h(112,1): warning C4103: alignment changed after including header, may be due to missing #pragma pack(pop)
  (compiling source file 'MemoryMap.cpp')
  
  NetBoot.cpp
  Options.cpp
C:\Users\andyv\Downloads\macosxbootloader\sdk\include\EfiTypes.h(25,1): warning C4103: alignment changed after including header, may be due to missing #pragma pack(pop)
  (compiling source file 'Options.cpp')
  
C:\Users\andyv\Downloads\macosxbootloader\sdk\include\EfiCommon.h(29,1): warning C4103: alignment changed after including header, may be due to missing #pragma pack(pop)
  (compiling source file 'Options.cpp')
  
C:\Users\andyv\Downloads\macosxbootloader\src\boot\StdAfx.h(109,1): warning C4103: alignment changed after including header, may be due to missing #pragma pack(pop)
  (compiling source file 'Options.cpp')
  
C:\Users\andyv\Downloads\macosxbootloader\sdk\include\EfiTypes.h(25,1): warning C4103: alignment changed after including header, may be due to missing #pragma pack(pop)
  (compiling source file 'NetBoot.cpp')
  
C:\Users\andyv\Downloads\macosxbootloader\sdk\include\EfiCommon.h(29,1): warning C4103: alignment changed after including header, may be due to missing #pragma pack(pop)
  (compiling source file 'NetBoot.cpp')
  
C:\Users\andyv\Downloads\macosxbootloader\src\boot\StdAfx.h(109,1): warning C4103: alignment changed after including header, may be due to missing #pragma pack(pop)
  (compiling source file 'NetBoot.cpp')
  
C:\Users\andyv\Downloads\macosxbootloader\src\boot\StdAfx.h(112,1): warning C4103: alignment changed after including header, may be due to missing #pragma pack(pop)
  (compiling source file 'Options.cpp')
  
C:\Users\andyv\Downloads\macosxbootloader\src\boot\StdAfx.h(112,1): warning C4103: alignment changed after including header, may be due to missing #pragma pack(pop)
  (compiling source file 'NetBoot.cpp')
  
  PanicDialog.cpp
C:\Users\andyv\Downloads\macosxbootloader\sdk\include\EfiTypes.h(25,1): warning C4103: alignment changed after including header, may be due to missing #pragma pack(pop)
  (compiling source file 'PanicDialog.cpp')
  
C:\Users\andyv\Downloads\macosxbootloader\sdk\include\EfiCommon.h(29,1): warning C4103: alignment changed after including header, may be due to missing #pragma pack(pop)
  (compiling source file 'PanicDialog.cpp')
  
C:\Users\andyv\Downloads\macosxbootloader\src\boot\StdAfx.h(109,1): warning C4103: alignment changed after including header, may be due to missing #pragma pack(pop)
  (compiling source file 'PanicDialog.cpp')
  
  PlatformExpert.cpp
C:\Users\andyv\Downloads\macosxbootloader\src\boot\StdAfx.h(112,1): warning C4103: alignment changed after including header, may be due to missing #pragma pack(pop)
  (compiling source file 'PanicDialog.cpp')
  
C:\Users\andyv\Downloads\macosxbootloader\sdk\include\EfiTypes.h(25,1): warning C4103: alignment changed after including header, may be due to missing #pragma pack(pop)
  (compiling source file 'PlatformExpert.cpp')
  
C:\Users\andyv\Downloads\macosxbootloader\sdk\include\EfiCommon.h(29,1): warning C4103: alignment changed after including header, may be due to missing #pragma pack(pop)
  (compiling source file 'PlatformExpert.cpp')
  
C:\Users\andyv\Downloads\macosxbootloader\src\boot\StdAfx.h(109,1): warning C4103: alignment changed after including header, may be due to missing #pragma pack(pop)
  (compiling source file 'PlatformExpert.cpp')
  
C:\Users\andyv\Downloads\macosxbootloader\src\boot\StdAfx.h(112,1): warning C4103: alignment changed after including header, may be due to missing #pragma pack(pop)
  (compiling source file 'PlatformExpert.cpp')
  
  SHA256.cpp
  ArchUtilsX64.cpp
C:\Users\andyv\Downloads\macosxbootloader\sdk\include\EfiTypes.h(25,1): warning C4103: alignment changed after including header, may be due to missing #pragma pack(pop)
  (compiling source file 'SHA256.cpp')
  
C:\Users\andyv\Downloads\macosxbootloader\sdk\include\EfiCommon.h(29,1): warning C4103: alignment changed after including header, may be due to missing #pragma pack(pop)
  (compiling source file 'SHA256.cpp')
  
C:\Users\andyv\Downloads\macosxbootloader\src\boot\StdAfx.h(109,1): warning C4103: alignment changed after including header, may be due to missing #pragma pack(pop)
  (compiling source file 'SHA256.cpp')
  
C:\Users\andyv\Downloads\macosxbootloader\src\boot\StdAfx.h(112,1): warning C4103: alignment changed after including header, may be due to missing #pragma pack(pop)
  (compiling source file 'SHA256.cpp')
  
C:\Users\andyv\Downloads\macosxbootloader\sdk\include\EfiTypes.h(25,1): warning C4103: alignment changed after including header, may be due to missing #pragma pack(pop)
  (compiling source file 'x64/ArchUtilsX64.cpp')
  
C:\Users\andyv\Downloads\macosxbootloader\sdk\include\EfiCommon.h(29,1): warning C4103: alignment changed after including header, may be due to missing #pragma pack(pop)
  (compiling source file 'x64/ArchUtilsX64.cpp')
  
C:\Users\andyv\Downloads\macosxbootloader\src\boot\StdAfx.h(109,1): warning C4103: alignment changed after including header, may be due to missing #pragma pack(pop)
  (compiling source file 'x64/ArchUtilsX64.cpp')
  
C:\Users\andyv\Downloads\macosxbootloader\src\boot\StdAfx.h(112,1): warning C4103: alignment changed after including header, may be due to missing #pragma pack(pop)
  (compiling source file 'x64/ArchUtilsX64.cpp')
  
  DebuggerUtilsX64.cpp
C:\Users\andyv\Downloads\macosxbootloader\sdk\include\EfiTypes.h(25,1): warning C4103: alignment changed after including header, may be due to missing #pragma pack(pop)
  (compiling source file 'x64/DebuggerUtilsX64.cpp')
  
C:\Users\andyv\Downloads\macosxbootloader\sdk\include\EfiCommon.h(29,1): warning C4103: alignment changed after including header, may be due to missing #pragma pack(pop)
  (compiling source file 'x64/DebuggerUtilsX64.cpp')
  
C:\Users\andyv\Downloads\macosxbootloader\src\boot\StdAfx.h(109,1): warning C4103: alignment changed after including header, may be due to missing #pragma pack(pop)
  (compiling source file 'x64/DebuggerUtilsX64.cpp')
  
C:\Users\andyv\Downloads\macosxbootloader\src\boot\StdAfx.h(112,1): warning C4103: alignment changed after including header, may be due to missing #pragma pack(pop)
  (compiling source file 'x64/DebuggerUtilsX64.cpp')
  
  BootDebugger.cpp
C:\Users\andyv\Downloads\macosxbootloader\sdk\include\EfiTypes.h(25,1): warning C4103: alignment changed after including header, may be due to missing #pragma pack(pop)
  (compiling source file 'BootDebugger.cpp')
  
C:\Users\andyv\Downloads\macosxbootloader\sdk\include\EfiCommon.h(29,1): warning C4103: alignment changed after including header, may be due to missing #pragma pack(pop)
  (compiling source file 'BootDebugger.cpp')
  
C:\Users\andyv\Downloads\macosxbootloader\src\boot\StdAfx.h(109,1): warning C4103: alignment changed after including header, may be due to missing #pragma pack(pop)
  (compiling source file 'BootDebugger.cpp')
  
C:\Users\andyv\Downloads\macosxbootloader\src\boot\StdAfx.h(112,1): warning C4103: alignment changed after including header, may be due to missing #pragma pack(pop)
  (compiling source file 'BootDebugger.cpp')
  
  Crc32.cpp
C:\Users\andyv\Downloads\macosxbootloader\sdk\include\EfiTypes.h(25,1): warning C4103: alignment changed after including header, may be due to missing #pragma pack(pop)
  (compiling source file 'Crc32.cpp')
  
C:\Users\andyv\Downloads\macosxbootloader\sdk\include\EfiCommon.h(29,1): warning C4103: alignment changed after including header, may be due to missing #pragma pack(pop)
  (compiling source file 'Crc32.cpp')
  
C:\Users\andyv\Downloads\macosxbootloader\src\boot\StdAfx.h(109,1): warning C4103: alignment changed after including header, may be due to missing #pragma pack(pop)
  (compiling source file 'Crc32.cpp')
  
C:\Users\andyv\Downloads\macosxbootloader\src\boot\StdAfx.h(112,1): warning C4103: alignment changed after including header, may be due to missing #pragma pack(pop)
  (compiling source file 'Crc32.cpp')
  
  Debug1394.cpp
C:\Users\andyv\Downloads\macosxbootloader\sdk\include\EfiTypes.h(25,1): warning C4103: alignment changed after including header, may be due to missing #pragma pack(pop)
  (compiling source file 'Debug1394.cpp')
  
C:\Users\andyv\Downloads\macosxbootloader\sdk\include\EfiCommon.h(29,1): warning C4103: alignment changed after including header, may be due to missing #pragma pack(pop)
  (compiling source file 'Debug1394.cpp')
  
C:\Users\andyv\Downloads\macosxbootloader\src\boot\StdAfx.h(109,1): warning C4103: alignment changed after including header, may be due to missing #pragma pack(pop)
  (compiling source file 'Debug1394.cpp')
  
C:\Users\andyv\Downloads\macosxbootloader\src\boot\StdAfx.h(112,1): warning C4103: alignment changed after including header, may be due to missing #pragma pack(pop)
  (compiling source file 'Debug1394.cpp')
  
  DebugUsb.cpp
C:\Users\andyv\Downloads\macosxbootloader\sdk\include\EfiTypes.h(25,1): warning C4103: alignment changed after including header, may be due to missing #pragma pack(pop)
  (compiling source file 'DebugUsb.cpp')
  
C:\Users\andyv\Downloads\macosxbootloader\sdk\include\EfiCommon.h(29,1): warning C4103: alignment changed after including header, may be due to missing #pragma pack(pop)
  (compiling source file 'DebugUsb.cpp')
  
C:\Users\andyv\Downloads\macosxbootloader\src\boot\StdAfx.h(109,1): warning C4103: alignment changed after including header, may be due to missing #pragma pack(pop)
  (compiling source file 'DebugUsb.cpp')
  
C:\Users\andyv\Downloads\macosxbootloader\src\boot\StdAfx.h(112,1): warning C4103: alignment changed after including header, may be due to missing #pragma pack(pop)
  (compiling source file 'DebugUsb.cpp')
  
  DevicePath.cpp
C:\Users\andyv\Downloads\macosxbootloader\sdk\include\EfiTypes.h(25,1): warning C4103: alignment changed after including header, may be due to missing #pragma pack(pop)
  (compiling source file 'DevicePath.cpp')
  
C:\Users\andyv\Downloads\macosxbootloader\sdk\include\EfiCommon.h(29,1): warning C4103: alignment changed after including header, may be due to missing #pragma pack(pop)
  (compiling source file 'DevicePath.cpp')
  
C:\Users\andyv\Downloads\macosxbootloader\src\boot\StdAfx.h(109,1): warning C4103: alignment changed after including header, may be due to missing #pragma pack(pop)
  (compiling source file 'DevicePath.cpp')
  
C:\Users\andyv\Downloads\macosxbootloader\src\boot\StdAfx.h(112,1): warning C4103: alignment changed after including header, may be due to missing #pragma pack(pop)
  (compiling source file 'DevicePath.cpp')
  
  DeviceTree.cpp
C:\Users\andyv\Downloads\macosxbootloader\sdk\include\EfiTypes.h(25,1): warning C4103: alignment changed after including header, may be due to missing #pragma pack(pop)
  (compiling source file 'DeviceTree.cpp')
  
C:\Users\andyv\Downloads\macosxbootloader\sdk\include\EfiCommon.h(29,1): warning C4103: alignment changed after including header, may be due to missing #pragma pack(pop)
  (compiling source file 'DeviceTree.cpp')
  
C:\Users\andyv\Downloads\macosxbootloader\src\boot\StdAfx.h(109,1): warning C4103: alignment changed after including header, may be due to missing #pragma pack(pop)
  (compiling source file 'DeviceTree.cpp')
  
C:\Users\andyv\Downloads\macosxbootloader\src\boot\StdAfx.h(112,1): warning C4103: alignment changed after including header, may be due to missing #pragma pack(pop)
  (compiling source file 'DeviceTree.cpp')
  
  GuidDefine.cpp
C:\Users\andyv\Downloads\macosxbootloader\sdk\include\EfiTypes.h(25,1): warning C4103: alignment changed after including header, may be due to missing #pragma pack(pop)
  (compiling source file 'GuidDefine.cpp')
  
C:\Users\andyv\Downloads\macosxbootloader\sdk\include\EfiCommon.h(29,1): warning C4103: alignment changed after including header, may be due to missing #pragma pack(pop)
  (compiling source file 'GuidDefine.cpp')
  
C:\Users\andyv\Downloads\macosxbootloader\src\boot\StdAfx.h(109,1): warning C4103: alignment changed after including header, may be due to missing #pragma pack(pop)
  (compiling source file 'GuidDefine.cpp')
  
  Main.cpp
C:\Users\andyv\Downloads\macosxbootloader\src\boot\StdAfx.h(112,1): warning C4103: alignment changed after including header, may be due to missing #pragma pack(pop)
  (compiling source file 'GuidDefine.cpp')
  
C:\Users\andyv\Downloads\macosxbootloader\sdk\include\EfiTypes.h(25,1): warning C4103: alignment changed after including header, may be due to missing #pragma pack(pop)
  (compiling source file 'Main.cpp')
  
C:\Users\andyv\Downloads\macosxbootloader\sdk\include\EfiCommon.h(29,1): warning C4103: alignment changed after including header, may be due to missing #pragma pack(pop)
  (compiling source file 'Main.cpp')
  
C:\Users\andyv\Downloads\macosxbootloader\src\boot\StdAfx.h(109,1): warning C4103: alignment changed after including header, may be due to missing #pragma pack(pop)
  (compiling source file 'Main.cpp')
  
  Memory.cpp
C:\Users\andyv\Downloads\macosxbootloader\src\boot\StdAfx.h(112,1): warning C4103: alignment changed after including header, may be due to missing #pragma pack(pop)
  (compiling source file 'Main.cpp')
  
C:\Users\andyv\Downloads\macosxbootloader\sdk\include\EfiTypes.h(25,1): warning C4103: alignment changed after including header, may be due to missing #pragma pack(pop)
  (compiling source file 'Memory.cpp')
  
C:\Users\andyv\Downloads\macosxbootloader\sdk\include\EfiCommon.h(29,1): warning C4103: alignment changed after including header, may be due to missing #pragma pack(pop)
  (compiling source file 'Memory.cpp')
  
C:\Users\andyv\Downloads\macosxbootloader\src\boot\StdAfx.h(109,1): warning C4103: alignment changed after including header, may be due to missing #pragma pack(pop)
  (compiling source file 'Memory.cpp')
  
C:\Users\andyv\Downloads\macosxbootloader\src\boot\StdAfx.h(112,1): warning C4103: alignment changed after including header, may be due to missing #pragma pack(pop)
  (compiling source file 'Memory.cpp')
  
  MiscUtils.cpp
  PeImage.cpp
C:\Users\andyv\Downloads\macosxbootloader\sdk\include\EfiTypes.h(25,1): warning C4103: alignment changed after including header, may be due to missing #pragma pack(pop)
  (compiling source file 'MiscUtils.cpp')
  
C:\Users\andyv\Downloads\macosxbootloader\sdk\include\EfiCommon.h(29,1): warning C4103: alignment changed after including header, may be due to missing #pragma pack(pop)
  (compiling source file 'MiscUtils.cpp')
  
C:\Users\andyv\Downloads\macosxbootloader\src\boot\StdAfx.h(109,1): warning C4103: alignment changed after including header, may be due to missing #pragma pack(pop)
  (compiling source file 'MiscUtils.cpp')
  
C:\Users\andyv\Downloads\macosxbootloader\src\boot\StdAfx.h(112,1): warning C4103: alignment changed after including header, may be due to missing #pragma pack(pop)
  (compiling source file 'MiscUtils.cpp')
  
C:\Users\andyv\Downloads\macosxbootloader\sdk\include\EfiTypes.h(25,1): warning C4103: alignment changed after including header, may be due to missing #pragma pack(pop)
  (compiling source file 'PeImage.cpp')
  
C:\Users\andyv\Downloads\macosxbootloader\sdk\include\EfiCommon.h(29,1): warning C4103: alignment changed after including header, may be due to missing #pragma pack(pop)
  (compiling source file 'PeImage.cpp')
  
C:\Users\andyv\Downloads\macosxbootloader\src\boot\StdAfx.h(109,1): warning C4103: alignment changed after including header, may be due to missing #pragma pack(pop)
  (compiling source file 'PeImage.cpp')
  
C:\Users\andyv\Downloads\macosxbootloader\src\boot\StdAfx.h(112,1): warning C4103: alignment changed after including header, may be due to missing #pragma pack(pop)
  (compiling source file 'PeImage.cpp')
  
  RuntimeLib.cpp
C:\Users\andyv\Downloads\macosxbootloader\sdk\include\EfiTypes.h(25,1): warning C4103: alignment changed after including header, may be due to missing #pragma pack(pop)
  (compiling source file 'RuntimeLib.cpp')
  
C:\Users\andyv\Downloads\macosxbootloader\sdk\include\EfiCommon.h(29,1): warning C4103: alignment changed after including header, may be due to missing #pragma pack(pop)
  (compiling source file 'RuntimeLib.cpp')
  
C:\Users\andyv\Downloads\macosxbootloader\src\boot\StdAfx.h(109,1): warning C4103: alignment changed after including header, may be due to missing #pragma pack(pop)
  (compiling source file 'RuntimeLib.cpp')
  
C:\Users\andyv\Downloads\macosxbootloader\src\boot\StdAfx.h(112,1): warning C4103: alignment changed after including header, may be due to missing #pragma pack(pop)
  (compiling source file 'RuntimeLib.cpp')
  
  boot.vcxproj -> C:\Users\andyv\Downloads\macosxbootloader\bin\x64\Release (Grey)\boot.efi
